2013-06-09 14:23:32 INFO  LoginServlet:44 - Request intercepted; proceeding to retrieve email and password variables
2013-06-09 14:23:32 INFO  LoginServlet:48 - Null or empty email and/or password
2013-06-09 14:24:48 INFO  LoginServlet:44 - Request intercepted; proceeding to retrieve email and password variables
2013-06-09 14:25:08 INFO  LoginServlet:48 - Null or empty email and/or password
2013-06-09 14:25:59 INFO  LoginServlet:44 - Request intercepted; proceeding to retrieve email and password variables
2013-06-09 14:25:59 INFO  LoginServlet:48 - Null or empty email and/or password
2013-06-09 14:28:25 INFO  LoginServlet:44 - Request intercepted; proceeding to retrieve email and password variables
2013-06-09 14:28:25 INFO  LoginServlet:48 - Null or empty email and/or password
2013-06-09 14:30:23 INFO  LoginServlet:44 - Request intercepted; proceeding to retrieve email and password variables
2013-06-09 14:30:23 INFO  LoginServlet:48 - Null or empty email and/or password
2013-06-09 14:31:41 INFO  LoginServlet:44 - Request intercepted; proceeding to retrieve email and password variables
2013-06-09 14:31:41 INFO  LoginServlet:48 - Null or empty email and/or password
2013-06-09 14:35:01 INFO  LoginServlet:44 - Request intercepted; proceeding to retrieve email and password variables
2013-06-09 14:35:01 INFO  LoginServlet:48 - Null or empty email and/or password
2013-06-09 14:37:55 INFO  LoginServlet:44 - Request intercepted; proceeding to retrieve email and password variables
2013-06-09 14:37:55 INFO  LoginServlet:48 - Null or empty email and/or password
2013-06-09 14:45:52 INFO  LoginServlet:44 - Request intercepted; proceeding to retrieve email and password variables
2013-06-09 14:45:52 INFO  LoginServlet:48 - Null or empty email and/or password
2013-06-09 14:45:52 INFO  LoginServlet:44 - Request intercepted; proceeding to retrieve email and password variables
2013-06-09 14:45:52 INFO  LoginServlet:54 - Email and password combination successfully retrieved; proceeding to validate user
2013-06-09 14:45:52 INFO  LoginServlet:80 - User entered invalid combination of email and password
2013-06-09 14:54:28 INFO  LoginServlet:44 - Request intercepted; proceeding to retrieve email and password variables
2013-06-09 14:54:28 INFO  LoginServlet:48 - Null or empty email and/or password
2013-06-09 14:54:28 INFO  LoginServlet:44 - Request intercepted; proceeding to retrieve email and password variables
2013-06-09 14:54:28 INFO  LoginServlet:54 - Email and password combination successfully retrieved; proceeding to validate user
2013-06-09 14:54:28 INFO  LoginServlet:62 - User successfully authenticated; proceeding to check authorization
2013-06-09 14:54:28 INFO  LoginServlet:74 - User does not belong to allowed roles
2013-06-09 14:54:28 INFO  LoginServlet:44 - Request intercepted; proceeding to retrieve email and password variables
2013-06-09 14:54:28 INFO  LoginServlet:54 - Email and password combination successfully retrieved; proceeding to validate user
2013-06-09 14:54:28 INFO  LoginServlet:62 - User successfully authenticated; proceeding to check authorization
2013-06-09 14:54:28 INFO  LoginServlet:74 - User does not belong to allowed roles
2013-06-09 14:54:28 INFO  LoginServlet:44 - Request intercepted; proceeding to retrieve email and password variables
2013-06-09 14:54:28 INFO  LoginServlet:54 - Email and password combination successfully retrieved; proceeding to validate user
2013-06-09 14:54:28 INFO  LoginServlet:80 - User entered invalid combination of email and password
2013-06-09 14:57:18 INFO  LoginServlet:44 - Request intercepted; proceeding to retrieve email and password variables
2013-06-09 14:57:18 INFO  LoginServlet:48 - Null or empty email and/or password
2013-06-09 14:57:18 INFO  LoginServlet:44 - Request intercepted; proceeding to retrieve email and password variables
2013-06-09 14:57:18 INFO  LoginServlet:54 - Email and password combination successfully retrieved; proceeding to validate user
2013-06-09 14:57:18 INFO  LoginServlet:62 - User successfully authenticated; proceeding to check authorization
2013-06-09 14:57:18 INFO  LoginServlet:74 - User does not belong to allowed roles
2013-06-09 14:57:18 INFO  LoginServlet:44 - Request intercepted; proceeding to retrieve email and password variables
2013-06-09 14:57:18 INFO  LoginServlet:54 - Email and password combination successfully retrieved; proceeding to validate user
2013-06-09 14:57:18 INFO  LoginServlet:62 - User successfully authenticated; proceeding to check authorization
2013-06-09 14:57:18 INFO  LoginServlet:67 - User belongs to allowed roles; proceeding to save token and email in session
2013-06-09 14:57:18 INFO  LoginServlet:44 - Request intercepted; proceeding to retrieve email and password variables
2013-06-09 14:57:18 INFO  LoginServlet:54 - Email and password combination successfully retrieved; proceeding to validate user
2013-06-09 14:57:18 INFO  LoginServlet:80 - User entered invalid combination of email and password
2013-06-09 14:59:05 INFO  LoginServlet:44 - Request intercepted; proceeding to retrieve email and password variables
2013-06-09 14:59:06 INFO  LoginServlet:48 - Null or empty email and/or password
2013-06-09 14:59:59 INFO  LoginServlet:44 - Request intercepted; proceeding to retrieve email and password variables
2013-06-09 14:59:59 INFO  LoginServlet:48 - Null or empty email and/or password
2013-06-09 14:59:59 INFO  LoginServlet:44 - Request intercepted; proceeding to retrieve email and password variables
2013-06-09 14:59:59 INFO  LoginServlet:54 - Email and password combination successfully retrieved; proceeding to validate user
2013-06-09 14:59:59 INFO  LoginServlet:62 - User successfully authenticated; proceeding to check authorization
2013-06-09 14:59:59 INFO  LoginServlet:74 - User does not belong to allowed roles
2013-06-09 15:00:12 INFO  LoginServlet:44 - Request intercepted; proceeding to retrieve email and password variables
2013-06-09 15:00:20 INFO  LoginServlet:54 - Email and password combination successfully retrieved; proceeding to validate user
2013-06-09 15:00:28 INFO  LoginServlet:62 - User successfully authenticated; proceeding to check authorization
2013-06-09 15:00:33 INFO  LoginServlet:67 - User belongs to allowed roles; proceeding to save token and email in session
2013-06-09 15:01:16 INFO  LoginServlet:44 - Request intercepted; proceeding to retrieve email and password variables
2013-06-09 15:01:16 INFO  LoginServlet:48 - Null or empty email and/or password
2013-06-09 15:01:16 INFO  LoginServlet:44 - Request intercepted; proceeding to retrieve email and password variables
2013-06-09 15:01:16 INFO  LoginServlet:54 - Email and password combination successfully retrieved; proceeding to validate user
2013-06-09 15:01:16 INFO  LoginServlet:62 - User successfully authenticated; proceeding to check authorization
2013-06-09 15:01:16 INFO  LoginServlet:74 - User does not belong to allowed roles
2013-06-09 15:01:16 INFO  LoginServlet:44 - Request intercepted; proceeding to retrieve email and password variables
2013-06-09 15:01:16 INFO  LoginServlet:54 - Email and password combination successfully retrieved; proceeding to validate user
2013-06-09 15:01:16 INFO  LoginServlet:62 - User successfully authenticated; proceeding to check authorization
2013-06-09 15:01:16 INFO  LoginServlet:67 - User belongs to allowed roles; proceeding to save token and email in session
2013-06-09 15:01:16 INFO  LoginServlet:71 - Redirecting user to movie list display page
2013-06-09 15:01:16 INFO  LoginServlet:44 - Request intercepted; proceeding to retrieve email and password variables
2013-06-09 15:01:16 INFO  LoginServlet:54 - Email and password combination successfully retrieved; proceeding to validate user
2013-06-09 15:01:16 INFO  LoginServlet:80 - User entered invalid combination of email and password
2013-06-09 15:02:11 INFO  LoginServlet:44 - Request intercepted; proceeding to retrieve email and password variables
2013-06-09 15:02:11 INFO  LoginServlet:48 - Null or empty email and/or password
2013-06-09 15:02:11 INFO  LoginServlet:44 - Request intercepted; proceeding to retrieve email and password variables
2013-06-09 15:02:11 INFO  LoginServlet:54 - Email and password combination successfully retrieved; proceeding to validate user
2013-06-09 15:02:11 INFO  LoginServlet:62 - User successfully authenticated; proceeding to check authorization
2013-06-09 15:02:11 INFO  LoginServlet:74 - User does not belong to allowed roles
2013-06-09 15:02:11 INFO  LoginServlet:44 - Request intercepted; proceeding to retrieve email and password variables
2013-06-09 15:02:11 INFO  LoginServlet:54 - Email and password combination successfully retrieved; proceeding to validate user
2013-06-09 15:02:11 INFO  LoginServlet:62 - User successfully authenticated; proceeding to check authorization
2013-06-09 15:02:11 INFO  LoginServlet:67 - User belongs to allowed roles; proceeding to save token and email in session
2013-06-09 15:02:11 INFO  LoginServlet:71 - Redirecting user to movie list display page
2013-06-09 15:02:11 INFO  LoginServlet:44 - Request intercepted; proceeding to retrieve email and password variables
2013-06-09 15:02:11 INFO  LoginServlet:54 - Email and password combination successfully retrieved; proceeding to validate user
2013-06-09 15:02:11 INFO  LoginServlet:80 - User entered invalid combination of email and password
2013-06-09 15:03:21 INFO  LoginServlet:44 - Request intercepted; proceeding to retrieve email and password variables
2013-06-09 15:03:21 INFO  LoginServlet:48 - Null or empty email and/or password
2013-06-09 15:03:21 INFO  LoginServlet:44 - Request intercepted; proceeding to retrieve email and password variables
2013-06-09 15:03:21 INFO  LoginServlet:54 - Email and password combination successfully retrieved; proceeding to validate user
2013-06-09 15:03:21 INFO  LoginServlet:62 - User successfully authenticated; proceeding to check authorization
2013-06-09 15:03:21 INFO  LoginServlet:74 - User does not belong to allowed roles
2013-06-09 15:03:21 INFO  LoginServlet:44 - Request intercepted; proceeding to retrieve email and password variables
2013-06-09 15:03:21 INFO  LoginServlet:54 - Email and password combination successfully retrieved; proceeding to validate user
2013-06-09 15:03:21 INFO  LoginServlet:62 - User successfully authenticated; proceeding to check authorization
2013-06-09 15:03:21 INFO  LoginServlet:67 - User belongs to allowed roles; proceeding to save token and email in session
2013-06-09 15:03:21 INFO  LoginServlet:71 - Redirecting user to movie list display page
2013-06-09 15:03:21 INFO  LoginServlet:44 - Request intercepted; proceeding to retrieve email and password variables
2013-06-09 15:03:21 INFO  LoginServlet:54 - Email and password combination successfully retrieved; proceeding to validate user
2013-06-09 15:03:21 INFO  LoginServlet:80 - User entered invalid combination of email and password
2013-06-09 15:04:00 INFO  LoginServlet:44 - Request intercepted; proceeding to retrieve email and password variables
2013-06-09 15:04:00 INFO  LoginServlet:48 - Null or empty email and/or password
2013-06-09 15:04:00 INFO  LoginServlet:44 - Request intercepted; proceeding to retrieve email and password variables
2013-06-09 15:04:00 INFO  LoginServlet:54 - Email and password combination successfully retrieved; proceeding to validate user
2013-06-09 15:04:00 INFO  LoginServlet:62 - User successfully authenticated; proceeding to check authorization
2013-06-09 15:04:00 INFO  LoginServlet:74 - User does not belong to allowed roles
2013-06-09 15:04:00 INFO  LoginServlet:44 - Request intercepted; proceeding to retrieve email and password variables
2013-06-09 15:04:00 INFO  LoginServlet:54 - Email and password combination successfully retrieved; proceeding to validate user
2013-06-09 15:04:00 INFO  LoginServlet:62 - User successfully authenticated; proceeding to check authorization
2013-06-09 15:04:00 INFO  LoginServlet:67 - User belongs to allowed roles; proceeding to save token and email in session
2013-06-09 15:04:00 INFO  LoginServlet:71 - Redirecting user to movie list display page
2013-06-09 15:04:01 INFO  LoginServlet:44 - Request intercepted; proceeding to retrieve email and password variables
2013-06-09 15:04:01 INFO  LoginServlet:54 - Email and password combination successfully retrieved; proceeding to validate user
2013-06-09 15:04:01 INFO  LoginServlet:80 - User entered invalid combination of email and password
2013-06-09 15:19:27 INFO  GetMoviesServlet:41 - Request intercepted; proceeding to retrieve user from session
2013-06-09 15:19:27 INFO  GetMoviesServlet:45 - User attempted to get list of movies without first logging in; redirecting to login page
2013-06-09 15:36:42 INFO  GetMoviesServlet:41 - Request intercepted; proceeding to retrieve user from session
2013-06-09 15:36:42 INFO  GetMoviesServlet:45 - User attempted to get list of movies without first logging in; redirecting to login page
2013-06-09 15:36:42 INFO  GetMoviesServlet:41 - Request intercepted; proceeding to retrieve user from session
2013-06-09 15:36:42 INFO  GetMoviesServlet:48 - User token successfully retrieved from session
2013-06-09 15:36:42 INFO  GetMoviesServlet:50 - Proceeding to retrieve list of movies awaiting review
2013-06-09 15:36:42 INFO  GetMoviesServlet:52 - Movie list retrieved successfully; proceeding to parse it to json
2013-06-09 15:36:42 INFO  GetMoviesServlet:61 - Movie list is null or empty
2013-06-09 15:36:42 INFO  GetMoviesServlet:62 - Forwarding request to movie list display page
2013-06-09 15:37:47 INFO  GetMoviesServlet:41 - Request intercepted; proceeding to retrieve user from session
2013-06-09 15:37:47 INFO  GetMoviesServlet:45 - User attempted to get list of movies without first logging in; redirecting to login page
2013-06-09 15:37:47 INFO  GetMoviesServlet:41 - Request intercepted; proceeding to retrieve user from session
2013-06-09 15:37:47 INFO  GetMoviesServlet:48 - User token successfully retrieved from session
2013-06-09 15:37:47 INFO  GetMoviesServlet:50 - Proceeding to retrieve list of movies awaiting review
2013-06-09 15:37:47 INFO  GetMoviesServlet:52 - Movie list retrieved successfully; proceeding to parse it to json
2013-06-09 15:37:47 INFO  GetMoviesServlet:41 - Request intercepted; proceeding to retrieve user from session
2013-06-09 15:37:47 INFO  GetMoviesServlet:48 - User token successfully retrieved from session
2013-06-09 15:37:47 INFO  GetMoviesServlet:50 - Proceeding to retrieve list of movies awaiting review
2013-06-09 15:37:47 INFO  GetMoviesServlet:52 - Movie list retrieved successfully; proceeding to parse it to json
2013-06-09 15:37:47 INFO  GetMoviesServlet:61 - Movie list is null or empty
2013-06-09 15:37:47 INFO  GetMoviesServlet:62 - Forwarding request to movie list display page
2013-06-09 15:40:06 INFO  GetMoviesServlet:41 - Request intercepted; proceeding to retrieve user from session
2013-06-09 15:40:06 INFO  GetMoviesServlet:45 - User attempted to get list of movies without first logging in; redirecting to login page
2013-06-09 15:43:08 INFO  GetMoviesServlet:41 - Request intercepted; proceeding to retrieve user from session
2013-06-09 15:43:08 INFO  GetMoviesServlet:45 - User attempted to get list of movies without first logging in; redirecting to login page
2013-06-09 15:43:18 INFO  GetMoviesServlet:41 - Request intercepted; proceeding to retrieve user from session
2013-06-09 15:43:20 INFO  GetMoviesServlet:48 - User token successfully retrieved from session
2013-06-09 15:43:21 INFO  GetMoviesServlet:50 - Proceeding to retrieve list of movies awaiting review
2013-06-09 15:43:27 INFO  GetMoviesServlet:52 - Movie list retrieved successfully; proceeding to parse it to json
2013-06-09 15:48:27 INFO  GetMoviesServlet:41 - Request intercepted; proceeding to retrieve user from session
2013-06-09 15:48:27 INFO  GetMoviesServlet:48 - User token successfully retrieved from session
2013-06-09 15:48:27 INFO  GetMoviesServlet:50 - Proceeding to retrieve list of movies awaiting review
2013-06-09 15:48:27 INFO  GetMoviesServlet:52 - Movie list retrieved successfully; proceeding to parse it to json
2013-06-09 15:48:27 INFO  GetMoviesServlet:61 - Movie list is null or empty
2013-06-09 15:48:27 INFO  GetMoviesServlet:62 - Forwarding request to movie list display page
2013-06-09 16:15:09 INFO  GetMoviesServlet:53 - Request intercepted; proceeding to retrieve user from session
2013-06-09 16:15:09 INFO  GetMoviesServlet:57 - User attempted to get list of movies without first logging in; redirecting to login page
2013-06-09 16:15:09 INFO  GetMoviesServlet:53 - Request intercepted; proceeding to retrieve user from session
2013-06-09 16:15:09 INFO  GetMoviesServlet:60 - User token successfully retrieved from session
2013-06-09 16:15:09 INFO  GetMoviesServlet:62 - Proceeding to retrieve list of movies awaiting review
2013-06-09 16:15:09 INFO  GetMoviesServlet:64 - Movie list retrieved successfully; proceeding to parse it to json
2013-06-09 16:15:09 INFO  GetMoviesServlet:53 - Request intercepted; proceeding to retrieve user from session
2013-06-09 16:15:09 INFO  GetMoviesServlet:60 - User token successfully retrieved from session
2013-06-09 16:15:09 INFO  GetMoviesServlet:62 - Proceeding to retrieve list of movies awaiting review
2013-06-09 16:15:09 INFO  GetMoviesServlet:64 - Movie list retrieved successfully; proceeding to parse it to json
2013-06-09 16:15:09 INFO  GetMoviesServlet:73 - Movie list is null or empty
2013-06-09 16:15:09 INFO  GetMoviesServlet:74 - Forwarding request to movie list display page
2013-06-09 16:15:59 INFO  GetMoviesServlet:53 - Request intercepted; proceeding to retrieve user from session
2013-06-09 16:15:59 INFO  GetMoviesServlet:57 - User attempted to get list of movies without first logging in; redirecting to login page
2013-06-09 16:16:16 INFO  GetMoviesServlet:53 - Request intercepted; proceeding to retrieve user from session
2013-06-09 16:16:16 INFO  GetMoviesServlet:60 - User token successfully retrieved from session
2013-06-09 16:16:16 INFO  GetMoviesServlet:62 - Proceeding to retrieve list of movies awaiting review
2013-06-09 16:16:16 INFO  GetMoviesServlet:64 - Movie list retrieved successfully; proceeding to parse it to json
2013-06-09 16:23:57 INFO  GetMoviesServlet:53 - Request intercepted; proceeding to retrieve user from session
2013-06-09 16:23:57 INFO  GetMoviesServlet:57 - User attempted to get list of movies without first logging in; redirecting to login page
2013-06-09 16:23:57 INFO  GetMoviesServlet:53 - Request intercepted; proceeding to retrieve user from session
2013-06-09 16:23:57 INFO  GetMoviesServlet:60 - User token successfully retrieved from session
2013-06-09 16:23:57 INFO  GetMoviesServlet:62 - Proceeding to retrieve list of movies awaiting review
2013-06-09 16:23:57 INFO  GetMoviesServlet:64 - Movie list retrieved successfully; proceeding to parse it to json
2013-06-09 16:23:57 INFO  GetMoviesServlet:73 - Movie list parsed to json and added to variable in request
2013-06-09 16:23:57 INFO  GetMoviesServlet:76 - Forwarding request to movie list display page
2013-06-09 16:23:57 INFO  GetMoviesServlet:53 - Request intercepted; proceeding to retrieve user from session
2013-06-09 16:23:57 INFO  GetMoviesServlet:60 - User token successfully retrieved from session
2013-06-09 16:23:57 INFO  GetMoviesServlet:62 - Proceeding to retrieve list of movies awaiting review
2013-06-09 16:23:57 INFO  GetMoviesServlet:64 - Movie list retrieved successfully; proceeding to parse it to json
2013-06-09 16:23:57 INFO  GetMoviesServlet:75 - Movie list is null or empty
2013-06-09 16:23:57 INFO  GetMoviesServlet:76 - Forwarding request to movie list display page
2013-06-09 16:58:54 INFO  GetMoviesServlet:45 - Request intercepted; proceeding to retrieve user from session
2013-06-09 16:58:54 INFO  GetMoviesServlet:49 - User attempted to get list of movies without first logging in; redirecting to login page
2013-06-09 16:58:54 INFO  GetMoviesServlet:45 - Request intercepted; proceeding to retrieve user from session
2013-06-09 16:58:54 INFO  GetMoviesServlet:52 - User token successfully retrieved from session
2013-06-09 16:58:54 INFO  GetMoviesServlet:54 - Proceeding to retrieve list of movies awaiting review
2013-06-09 16:58:54 INFO  GetMoviesServlet:56 - Movie list retrieved successfully; proceeding to parse it to json
2013-06-09 16:58:54 INFO  GetMoviesServlet:66 - Movie list parsed to json and added to variable in request
2013-06-09 16:58:54 INFO  GetMoviesServlet:69 - Forwarding request to movie list display page
2013-06-09 16:58:54 INFO  GetMoviesServlet:45 - Request intercepted; proceeding to retrieve user from session
2013-06-09 16:58:54 INFO  GetMoviesServlet:52 - User token successfully retrieved from session
2013-06-09 16:58:54 INFO  GetMoviesServlet:54 - Proceeding to retrieve list of movies awaiting review
2013-06-09 16:58:54 INFO  GetMoviesServlet:56 - Movie list retrieved successfully; proceeding to parse it to json
2013-06-09 16:58:54 INFO  GetMoviesServlet:68 - Movie list is null or empty
2013-06-09 16:58:54 INFO  GetMoviesServlet:69 - Forwarding request to movie list display page
